<?xml version="1.0" encoding="UTF-8"?>
<!-- Generated by org.testng.reporters.JUnitReportReporter -->
<testsuite hostname="DESKTOP-8HA2H5V" failures="0" tests="1" name="Testcase.TC_001_login" time="10.713" errors="0" timestamp="2023-10-25T09:59:47 IST" skipped="0">
  <testcase classname="Testcase.TC_001_login" name="logintest" time="10.713"/>
  <system-out/>
</testsuite> <!-- Testcase.TC_001_login -->
